<?xml version="1.0" encoding="UTF-8"?>
<!-- Generated by org.testng.reporters.JUnitReportReporter -->
<testsuite hostname="Shriram" name="com.shriram.ecommerce.login.EcommerceLoginTest" tests="5" failures="0" timestamp="3 Jun 2017 07:02:43 GMT" time="41.046" errors="0">
  <testcase name="login" time="7.940" classname="com.shriram.ecommerce.login.EcommerceLoginTest"/>
  <testcase name="login" time="8.141" classname="com.shriram.ecommerce.login.EcommerceLoginTest"/>
  <testcase name="login" time="8.908" classname="com.shriram.ecommerce.login.EcommerceLoginTest"/>
  <testcase name="login" time="8.238" classname="com.shriram.ecommerce.login.EcommerceLoginTest"/>
  <testcase name="login" time="7.819" classname="com.shriram.ecommerce.login.EcommerceLoginTest"/>
</testsuite> <!-- com.shriram.ecommerce.login.EcommerceLoginTest -->
