<?xml version="1.0" encoding="UTF-8"?>
<!-- Generated by org.testng.reporters.JUnitReportReporter -->
<testsuite hostname="Shriram" name="com.shriram.ecommerce.register.RegisterTest" tests="3" failures="0" timestamp="3 Jun 2017 07:15:06 GMT" time="27.719" errors="0">
  <testcase name="registration" time="8.920" classname="com.shriram.ecommerce.register.RegisterTest"/>
  <testcase name="registration" time="9.752" classname="com.shriram.ecommerce.register.RegisterTest"/>
  <testcase name="registration" time="9.047" classname="com.shriram.ecommerce.register.RegisterTest"/>
</testsuite> <!-- com.shriram.ecommerce.register.RegisterTest -->
