<?xml version="1.0" encoding="UTF-8"?>
<!-- Generated by org.testng.reporters.JUnitReportReporter -->
<testsuite hostname="Shriram" name="com.shriram.ecommerce.login.test.LoginTest" tests="1" failures="0" timestamp="1 Jun 2017 04:41:43 GMT" time="19.915" errors="0">
  <testcase name="performSuccessLogin" time="19.915" classname="com.shriram.ecommerce.login.test.LoginTest"/>
</testsuite> <!-- com.shriram.ecommerce.login.test.LoginTest -->
